{
  "RSpec": {
    "coverage": {
      "/home/julian07031996/SOA_Project/api-ufeeling/require_app.rb": {
        "lines": [
          null,
          null,
          null,
          null,
          null,
          null,
          null,
          null,
          1,
          5,
          1,
          null,
          1,
          61,
          null,
          null
        ]
      },
      "/home/julian07031996/SOA_Project/api-ufeeling/config/environment.rb": {
        "lines": [
          null,
          null,
          1,
          1,
          1,
          1,
          1,
          null,
          1,
          null,
          1,
          1,
          null,
          null,
          1,
          null,
          1,
          null,
          null,
          null,
          1,
          1,
          null,
          1,
          null,
          1,
          1,
          null,
          null,
          null,
          1,
          null,
          1,
          null,
          null,
          null,
          null
        ]
      },
      "/home/julian07031996/SOA_Project/api-ufeeling/app/infrastructure/database/author_orm.rb": {
        "lines": [
          null,
          null,
          1,
          null,
          1,
          1,
          null,
          1,
          1,
          null,
          null,
          null,
          1,
          null,
          null,
          null,
          1,
          null,
          1,
          193,
          null,
          null,
          null,
          null
        ]
      },
      "/home/julian07031996/SOA_Project/api-ufeeling/app/infrastructure/database/category_orm.rb": {
        "lines": [
          null,
          null,
          1,
          null,
          1,
          1,
          null,
          1,
          1,
          null,
          null,
          null,
          1,
          null,
          1,
          41,
          null,
          null,
          null,
          null
        ]
      },
      "/home/julian07031996/SOA_Project/api-ufeeling/app/infrastructure/database/comments_orm.rb": {
        "lines": [
          null,
          null,
          1,
          null,
          1,
          1,
          null,
          1,
          1,
          null,
          null,
          1,
          null,
          null,
          1,
          null,
          null,
          1,
          null,
          null,
          null
        ]
      },
      "/home/julian07031996/SOA_Project/api-ufeeling/app/infrastructure/database/sentiment_orm.rb": {
        "lines": [
          null,
          null,
          1,
          null,
          1,
          1,
          null,
          1,
          1,
          null,
          null,
          null,
          1,
          null,
          null,
          null,
          1,
          null,
          1,
          0,
          null,
          null,
          null,
          null
        ]
      },
      "/home/julian07031996/SOA_Project/api-ufeeling/app/infrastructure/database/video_log_orm.rb": {
        "lines": [
          null,
          null,
          1,
          null,
          1,
          1,
          null,
          1,
          1,
          null,
          null,
          1,
          null,
          null,
          1,
          null,
          null,
          null
        ]
      },
      "/home/julian07031996/SOA_Project/api-ufeeling/app/infrastructure/database/video_orm.rb": {
        "lines": [
          null,
          null,
          1,
          null,
          1,
          1,
          null,
          1,
          1,
          null,
          null,
          1,
          null,
          null,
          1,
          null,
          null,
          null,
          1,
          null,
          null,
          null,
          1,
          1,
          null,
          1,
          10,
          null,
          null,
          1,
          0,
          null,
          null,
          null,
          null
        ]
      },
      "/home/julian07031996/SOA_Project/api-ufeeling/app/infrastructure/youtube_api/http_utils/errors.rb": {
        "lines": [
          null,
          null,
          1,
          null,
          1,
          null,
          1,
          null,
          1,
          null
        ]
      },
      "/home/julian07031996/SOA_Project/api-ufeeling/app/infrastructure/youtube_api/http_utils/response.rb": {
        "lines": [
          null,
          null,
          1,
          null,
          null,
          1,
          null,
          1,
          null,
          null,
          null,
          null,
          1,
          232,
          null,
          null,
          1,
          6,
          null,
          null
        ]
      },
      "/home/julian07031996/SOA_Project/api-ufeeling/app/infrastructure/youtube_api/http_utils/youtube_request.rb": {
        "lines": [
          null,
          null,
          1,
          null,
          null,
          1,
          1,
          null,
          1,
          232,
          232,
          232,
          null,
          null,
          1,
          232,
          null,
          232,
          232,
          null,
          null,
          226,
          null,
          null,
          1,
          null,
          1,
          690,
          232,
          null,
          null
        ]
      },
      "/home/julian07031996/SOA_Project/api-ufeeling/app/infrastructure/youtube_api/youtube_api.rb": {
        "lines": [
          null,
          null,
          1,
          1,
          null,
          1,
          1,
          null,
          1,
          null,
          1,
          null,
          null,
          null,
          null,
          null,
          null,
          1,
          232,
          null,
          null,
          1,
          232,
          226,
          null,
          null,
          null,
          null,
          1,
          195,
          null,
          null,
          1,
          3,
          null,
          null,
          1,
          12,
          null,
          null,
          null,
          1,
          2,
          null,
          null,
          1,
          7,
          null,
          null,
          1,
          13,
          null,
          null,
          null,
          null
        ]
      },
      "/home/julian07031996/SOA_Project/api-ufeeling/app/infrastructure/youtube_api/youtube_api_filters.rb": {
        "lines": [
          null,
          null,
          1,
          null,
          1,
          1,
          null,
          1,
          1,
          null,
          195,
          null,
          null,
          null,
          null,
          1,
          3,
          null,
          null,
          1,
          12,
          null,
          null,
          1,
          null,
          2,
          null,
          null,
          null,
          null,
          null,
          1,
          null,
          7,
          null,
          null,
          null,
          null,
          null,
          1,
          null,
          13,
          null,
          null,
          null,
          null,
          null,
          null
        ]
      },
      "/home/julian07031996/SOA_Project/api-ufeeling/app/infrastructure/youtube_api/youtube_constants.rb": {
        "lines": [
          null,
          null,
          1,
          1,
          1,
          null,
          1,
          null
        ]
      },
      "/home/julian07031996/SOA_Project/api-ufeeling/app/domain/init.rb": {
        "lines": [
          null,
          null,
          1,
          1,
          1,
          null
        ]
      },
      "/home/julian07031996/SOA_Project/api-ufeeling/app/domain/videos/init.rb": {
        "lines": [
          null,
          null,
          1,
          1,
          4,
          19,
          null,
          null
        ]
      },
      "/home/julian07031996/SOA_Project/api-ufeeling/app/domain/videos/entities/author.rb": {
        "lines": [
          null,
          null,
          1,
          1,
          null,
          1,
          1,
          1,
          null,
          1,
          1,
          null,
          1,
          1,
          1,
          1,
          1,
          null,
          1,
          193,
          null,
          null,
          null,
          null,
          null
        ]
      },
      "/home/julian07031996/SOA_Project/api-ufeeling/app/domain/videos/entities/category.rb": {
        "lines": [
          null,
          null,
          1,
          1,
          null,
          1,
          1,
          1,
          null,
          1,
          1,
          null,
          1,
          1,
          1,
          null,
          1,
          41,
          null,
          null,
          null,
          null,
          null
        ]
      },
      "/home/julian07031996/SOA_Project/api-ufeeling/app/domain/videos/entities/comment.rb": {
        "lines": [
          null,
          null,
          1,
          1,
          null,
          1,
          1,
          null,
          1,
          1,
          1,
          null,
          1,
          1,
          null,
          1,
          1,
          1,
          1,
          1,
          1,
          1,
          1,
          1,
          1,
          1,
          1,
          null,
          null,
          1,
          null,
          1,
          195,
          null,
          null,
          null,
          null,
          null,
          null,
          null
        ]
      },
      "/home/julian07031996/SOA_Project/api-ufeeling/app/domain/videos/values/publish_info.rb": {
        "lines": [
          null,
          null,
          1,
          1,
          null,
          1,
          1,
          1,
          null,
          1,
          1,
          null,
          1,
          1,
          1,
          1,
          null,
          1,
          195,
          null,
          null,
          null,
          null,
          null
        ]
      },
      "/home/julian07031996/SOA_Project/api-ufeeling/app/domain/videos/values/sentimental_score.rb": {
        "lines": [
          null,
          null,
          1,
          1,
          null,
          1,
          1,
          1,
          null,
          1,
          1,
          null,
          1,
          1,
          1,
          null,
          1,
          195,
          null,
          null,
          null,
          null,
          null
        ]
      },
      "/home/julian07031996/SOA_Project/api-ufeeling/app/domain/videos/entities/sentiment.rb": {
        "lines": [
          null,
          null,
          1,
          1,
          null,
          1,
          1,
          1,
          null,
          1,
          1,
          null,
          1,
          1,
          null,
          1,
          10,
          null,
          null,
          null,
          null,
          null
        ]
      },
      "/home/julian07031996/SOA_Project/api-ufeeling/app/domain/videos/entities/video.rb": {
        "lines": [
          null,
          null,
          1,
          1,
          null,
          1,
          1,
          1,
          null,
          1,
          1,
          null,
          1,
          1,
          1,
          1,
          1,
          1,
          1,
          1,
          1,
          1,
          1,
          1,
          null,
          1,
          10,
          null,
          null,
          null,
          null,
          null
        ]
      },
      "/home/julian07031996/SOA_Project/api-ufeeling/app/domain/videos/entities/video_log.rb": {
        "lines": [
          null,
          null,
          1,
          1,
          null,
          1,
          1,
          1,
          null,
          1,
          1,
          null,
          1,
          1,
          1,
          1,
          1,
          1,
          1,
          1,
          1,
          1,
          null,
          1,
          0,
          null,
          null,
          null,
          null,
          null
        ]
      },
      "/home/julian07031996/SOA_Project/api-ufeeling/app/domain/videos/repositories/authors.rb": {
        "lines": [
          null,
          null,
          1,
          1,
          null,
          1,
          null,
          1,
          1,
          205,
          null,
          null,
          1,
          0,
          null,
          null,
          1,
          205,
          null,
          12,
          null,
          null,
          null,
          null,
          null,
          null,
          null,
          null,
          1,
          0,
          0,
          null,
          null,
          null,
          1,
          0,
          null,
          null,
          null,
          null,
          null
        ]
      },
      "/home/julian07031996/SOA_Project/api-ufeeling/app/domain/videos/repositories/categories.rb": {
        "lines": [
          null,
          null,
          1,
          1,
          null,
          1,
          null,
          1,
          1,
          10,
          null,
          null,
          1,
          0,
          null,
          null,
          1,
          0,
          null,
          null,
          1,
          2,
          2,
          null,
          null,
          1,
          42,
          null,
          32,
          null,
          null,
          null,
          null,
          null,
          null,
          1,
          2,
          32,
          null,
          null,
          null,
          1,
          31,
          null,
          null,
          null,
          null,
          null
        ]
      },
      "/home/julian07031996/SOA_Project/api-ufeeling/app/domain/videos/repositories/comments.rb": {
        "lines": [
          null,
          null,
          1,
          1,
          null,
          1,
          null,
          1,
          1,
          1,
          1,
          null,
          null,
          1,
          0,
          null,
          null,
          1,
          0,
          null,
          null,
          1,
          0,
          0,
          0,
          null,
          null,
          null,
          1,
          39,
          null,
          39,
          null,
          null,
          null,
          null,
          null,
          null,
          null,
          null,
          null,
          null,
          null,
          null,
          null,
          null,
          null,
          null,
          null,
          1,
          39,
          null,
          null,
          null,
          null,
          null,
          null,
          null,
          1,
          39,
          null,
          null,
          null,
          null,
          null,
          null,
          null,
          1,
          1,
          39,
          null,
          null,
          null,
          1,
          195,
          195,
          null,
          null,
          1,
          0,
          0,
          0,
          null,
          0,
          null,
          null,
          0,
          null,
          null,
          1,
          195,
          195,
          195,
          null,
          195,
          null,
          null,
          null,
          null,
          null,
          null,
          null,
          null,
          1,
          195,
          null,
          null,
          195,
          0,
          null,
          null,
          0,
          null,
          195,
          null,
          null,
          1,
          195,
          null,
          null,
          195,
          185,
          null,
          null,
          185,
          null,
          195,
          null,
          null,
          1,
          195,
          null,
          null,
          195,
          10,
          10,
          null,
          195,
          null,
          null,
          null,
          null,
          null
        ]
      },
      "/home/julian07031996/SOA_Project/api-ufeeling/app/domain/videos/repositories/for.rb": {
        "lines": [
          null,
          null,
          1,
          1,
          1,
          1,
          1,
          null,
          null,
          1,
          1,
          1,
          null,
          1,
          null,
          1,
          null,
          null,
          null,
          null,
          null,
          null,
          1,
          855,
          null,
          null,
          1,
          0,
          null,
          null,
          null,
          null,
          null
        ]
      },
      "/home/julian07031996/SOA_Project/api-ufeeling/app/domain/videos/repositories/videos.rb": {
        "lines": [
          null,
          null,
          1,
          1,
          null,
          1,
          null,
          1,
          1,
          203,
          null,
          null,
          1,
          3,
          2,
          1,
          0,
          1,
          1,
          null,
          0,
          null,
          null,
          8,
          null,
          null,
          1,
          0,
          null,
          null,
          1,
          0,
          0,
          0,
          null,
          null,
          1,
          0,
          null,
          null,
          null,
          1,
          208,
          null,
          202,
          null,
          null,
          null,
          null,
          null,
          null,
          null,
          null,
          null,
          null,
          null,
          null,
          null,
          null,
          null,
          null,
          1,
          0,
          0,
          null,
          null,
          null,
          1,
          10,
          10,
          null,
          10,
          null,
          null,
          10,
          null,
          null,
          1,
          0,
          0,
          null,
          0,
          null,
          null,
          0,
          null,
          0,
          null,
          null,
          1,
          10,
          null,
          null,
          10,
          10,
          null,
          10,
          null,
          10,
          null,
          null,
          1,
          10,
          null,
          null,
          10,
          8,
          null,
          8,
          null,
          10,
          null,
          null,
          null,
          null,
          null
        ]
      },
      "/home/julian07031996/SOA_Project/api-ufeeling/app/domain/videos/repositories/sentiments.rb": {
        "lines": [
          null,
          null,
          1,
          1,
          null,
          1,
          null,
          1,
          1,
          0,
          null,
          null,
          1,
          195,
          null,
          null,
          1,
          0,
          0,
          null,
          null,
          1,
          195,
          null,
          185,
          null,
          null,
          null,
          null,
          null,
          1,
          0,
          0,
          null,
          null,
          null,
          1,
          0,
          null,
          null,
          null,
          null,
          null
        ]
      },
      "/home/julian07031996/SOA_Project/api-ufeeling/app/domain/videos/mappers/author_mapper.rb": {
        "lines": [
          null,
          null,
          1,
          1,
          1,
          null,
          1,
          1,
          195,
          195,
          195,
          null,
          null,
          1,
          195,
          194,
          null,
          null,
          1,
          194,
          null,
          null,
          null,
          1,
          1,
          194,
          null,
          null,
          1,
          194,
          null,
          null,
          null,
          null,
          null,
          null,
          null,
          null,
          1,
          null,
          1,
          194,
          null,
          null,
          1,
          194,
          null,
          null,
          1,
          194,
          null,
          null,
          1,
          194,
          null,
          null,
          1,
          194,
          null,
          null,
          1,
          194,
          null,
          null,
          1,
          582,
          null,
          null,
          null,
          null,
          null,
          null
        ]
      },
      "/home/julian07031996/SOA_Project/api-ufeeling/app/domain/videos/mappers/category_mapper.rb": {
        "lines": [
          null,
          null,
          1,
          1,
          1,
          null,
          1,
          1,
          15,
          15,
          15,
          null,
          null,
          1,
          12,
          11,
          null,
          null,
          1,
          3,
          64,
          null,
          null,
          1,
          73,
          null,
          null,
          null,
          1,
          1,
          73,
          null,
          null,
          1,
          73,
          null,
          null,
          null,
          null,
          null,
          null,
          1,
          null,
          1,
          73,
          null,
          null,
          1,
          73,
          null,
          null,
          null,
          null,
          null,
          null
        ]
      },
      "/home/julian07031996/SOA_Project/api-ufeeling/app/domain/videos/mappers/comment_mapper.rb": {
        "lines": [
          null,
          null,
          1,
          null,
          1,
          1,
          1,
          null,
          1,
          1,
          7,
          7,
          7,
          null,
          null,
          1,
          7,
          240,
          null,
          null,
          1,
          306,
          null,
          null,
          null,
          1,
          1,
          306,
          null,
          null,
          null,
          1,
          306,
          null,
          null,
          null,
          null,
          null,
          null,
          null,
          null,
          null,
          null,
          null,
          null,
          null,
          null,
          null,
          null,
          null,
          1,
          null,
          1,
          306,
          null,
          null,
          1,
          306,
          null,
          null,
          1,
          612,
          null,
          null,
          1,
          306,
          null,
          null,
          1,
          306,
          null,
          null,
          1,
          306,
          null,
          null,
          null,
          null,
          null,
          null,
          null,
          1,
          1224,
          null,
          null,
          1,
          306,
          null,
          null,
          1,
          306,
          null,
          null,
          1,
          306,
          null,
          null,
          1,
          306,
          306,
          1224,
          306,
          null,
          null,
          null,
          null,
          null,
          null,
          1,
          306,
          null,
          null,
          1,
          378,
          null,
          null,
          1,
          306,
          null,
          null,
          1,
          306,
          null,
          null,
          1,
          3780,
          null,
          null,
          1,
          3060,
          null,
          null,
          1,
          3060,
          null,
          null,
          1,
          306,
          null,
          null,
          null,
          null,
          null,
          null
        ]
      },
      "/home/julian07031996/SOA_Project/api-ufeeling/app/domain/videos/mappers/video_mapper.rb": {
        "lines": [
          null,
          null,
          1,
          1,
          1,
          null,
          1,
          1,
          15,
          15,
          15,
          null,
          null,
          null,
          1,
          2,
          6,
          null,
          null,
          1,
          13,
          12,
          null,
          null,
          1,
          17,
          null,
          null,
          null,
          1,
          1,
          17,
          null,
          null,
          null,
          1,
          17,
          null,
          null,
          null,
          null,
          null,
          null,
          null,
          null,
          null,
          null,
          null,
          null,
          null,
          null,
          null,
          null,
          1,
          null,
          1,
          17,
          null,
          null,
          1,
          16,
          null,
          null,
          1,
          16,
          null,
          null,
          1,
          16,
          null,
          null,
          1,
          16,
          null,
          null,
          1,
          16,
          null,
          null,
          1,
          0,
          null,
          null,
          1,
          32,
          null,
          null,
          1,
          16,
          null,
          null,
          1,
          16,
          null,
          null,
          1,
          0,
          null,
          null,
          1,
          0,
          null,
          null,
          1,
          0,
          null,
          null,
          1,
          0,
          null,
          null,
          1,
          112,
          null,
          null,
          1,
          16,
          null,
          null,
          1,
          0,
          null,
          null,
          null,
          null,
          null,
          null
        ]
      },
      "/home/julian07031996/SOA_Project/api-ufeeling/app/domain/videos/mappers/video_thumbnail_mapper.rb": {
        "lines": [
          null,
          null,
          1,
          1,
          1,
          null,
          1,
          1,
          0,
          null,
          null,
          null,
          1,
          1,
          null,
          1,
          0,
          0,
          null,
          null,
          1,
          0,
          null,
          null,
          null,
          null,
          null,
          null,
          null,
          null,
          1,
          null,
          1,
          0,
          null,
          null,
          1,
          0,
          null,
          null,
          1,
          0,
          null,
          null,
          null,
          null,
          null,
          null
        ]
      },
      "/home/julian07031996/SOA_Project/api-ufeeling/app/domain/videos/lib/sentiment_calculator.rb": {
        "lines": [
          null,
          null,
          1,
          null,
          1,
          1,
          1,
          null,
          1,
          1,
          0,
          null,
          null,
          null,
          null,
          null
        ]
      },
      "/home/julian07031996/SOA_Project/api-ufeeling/app/presentation/representers/author_representer.rb": {
        "lines": [
          null,
          null
        ]
      },
      "/home/julian07031996/SOA_Project/api-ufeeling/app/presentation/representers/categories_representer.rb": {
        "lines": [
          null,
          null,
          1,
          1,
          null,
          1,
          1,
          null,
          1,
          1,
          null,
          1,
          1,
          null,
          1,
          null,
          null,
          null,
          null
        ]
      },
      "/home/julian07031996/SOA_Project/api-ufeeling/app/presentation/representers/openstruct_with_links.rb": {
        "lines": [
          null,
          null,
          1,
          1,
          null,
          1,
          1,
          null,
          null,
          null
        ]
      },
      "/home/julian07031996/SOA_Project/api-ufeeling/app/presentation/representers/category_representer.rb": {
        "lines": [
          null,
          null,
          1,
          1,
          null,
          null,
          1,
          1,
          null,
          1,
          1,
          1,
          1,
          null,
          1,
          1,
          null,
          1,
          1,
          null,
          null,
          null,
          null,
          null,
          null
        ]
      },
      "/home/julian07031996/SOA_Project/api-ufeeling/app/presentation/representers/comment_representer.rb": {
        "lines": [
          null,
          null,
          1,
          1,
          null,
          null,
          1,
          1,
          null,
          1,
          1,
          1,
          1,
          null,
          1,
          1,
          1,
          1,
          1,
          null,
          1,
          39,
          null,
          null,
          1,
          null,
          1,
          39,
          null,
          null,
          null,
          null
        ]
      },
      "/home/julian07031996/SOA_Project/api-ufeeling/app/presentation/representers/comments_representer.rb": {
        "lines": [
          null,
          null,
          1,
          1,
          null,
          1,
          1,
          null,
          1,
          1,
          null,
          1,
          1,
          null,
          1,
          null,
          null,
          null,
          null
        ]
      },
      "/home/julian07031996/SOA_Project/api-ufeeling/app/presentation/representers/http_response_representer.rb": {
        "lines": [
          null,
          null,
          1,
          1,
          null,
          1,
          1,
          null,
          null,
          null,
          null,
          null,
          1,
          1,
          null,
          1,
          1,
          null,
          1,
          null,
          null,
          null,
          null,
          null,
          null,
          null,
          null,
          null,
          null,
          null,
          null,
          null,
          null,
          1,
          11,
          null,
          null,
          null,
          null
        ]
      },
      "/home/julian07031996/SOA_Project/api-ufeeling/app/presentation/representers/video_representer.rb": {
        "lines": [
          null,
          null,
          1,
          1,
          null,
          null,
          1,
          1,
          null,
          1,
          1,
          1,
          1,
          null,
          1,
          1,
          1,
          1,
          null,
          1,
          7,
          null,
          null,
          1,
          null,
          1,
          7,
          null,
          null,
          null,
          null
        ]
      },
      "/home/julian07031996/SOA_Project/api-ufeeling/app/presentation/representers/video_sentiment_summary_representer.rb": {
        "lines": [
          null,
          null
        ]
      },
      "/home/julian07031996/SOA_Project/api-ufeeling/app/presentation/representers/video_sentiment_trend_granularity_representer.rb": {
        "lines": [
          null,
          null
        ]
      },
      "/home/julian07031996/SOA_Project/api-ufeeling/app/presentation/representers/video_sentiment_trend_representer.rb": {
        "lines": [
          null,
          null
        ]
      },
      "/home/julian07031996/SOA_Project/api-ufeeling/app/presentation/representers/videos_representer.rb": {
        "lines": [
          null,
          null,
          1,
          1,
          null,
          1,
          1,
          null,
          1,
          1,
          null,
          1,
          1,
          null,
          1,
          null,
          null,
          null,
          null
        ]
      },
      "/home/julian07031996/SOA_Project/api-ufeeling/app/presentation/responses/api_result.rb": {
        "lines": [
          null,
          null,
          1,
          1,
          1,
          null,
          null,
          null,
          1,
          null,
          null,
          null,
          null,
          1,
          null,
          null,
          1,
          1,
          14,
          null,
          13,
          null,
          null,
          null,
          null
        ]
      },
      "/home/julian07031996/SOA_Project/api-ufeeling/app/presentation/responses/categories_list.rb": {
        "lines": [
          null,
          1,
          1,
          null,
          1,
          null,
          null,
          null
        ]
      },
      "/home/julian07031996/SOA_Project/api-ufeeling/app/presentation/responses/comments_list.rb": {
        "lines": [
          null,
          1,
          1,
          null,
          1,
          null,
          null,
          null
        ]
      },
      "/home/julian07031996/SOA_Project/api-ufeeling/app/presentation/responses/videos_list.rb": {
        "lines": [
          null,
          null,
          1,
          1,
          null,
          1,
          null,
          null
        ]
      },
      "/home/julian07031996/SOA_Project/api-ufeeling/app/application/controllers/app.rb": {
        "lines": [
          null,
          null,
          1,
          null,
          1,
          null,
          1,
          1,
          1,
          1,
          1,
          null,
          null,
          1,
          11,
          null,
          null,
          null,
          11,
          1,
          null,
          1,
          null,
          null,
          null,
          1,
          1,
          null,
          null,
          10,
          null,
          10,
          null,
          null,
          1,
          1,
          null,
          1,
          0,
          0,
          null,
          null,
          1,
          1,
          1,
          null,
          null,
          null,
          null,
          9,
          9,
          null,
          null,
          null,
          null,
          1,
          1,
          1,
          null,
          1,
          0,
          0,
          null,
          null,
          1,
          1,
          1,
          null,
          null,
          null,
          null,
          8,
          8,
          null,
          null,
          null,
          7,
          6,
          null,
          6,
          1,
          1,
          null,
          null,
          5,
          5,
          5,
          null,
          null,
          null,
          null,
          null,
          1,
          0,
          null,
          0,
          0,
          0,
          null,
          null,
          0,
          0,
          0,
          null,
          null,
          null,
          null,
          null,
          null,
          1,
          1,
          null,
          1,
          0,
          0,
          null,
          null,
          1,
          1,
          1,
          null,
          null,
          null,
          null,
          1,
          null,
          null,
          null,
          1,
          1,
          null,
          1,
          0,
          0,
          null,
          null,
          1,
          1,
          1,
          null,
          null,
          null,
          null,
          0,
          null,
          0,
          null,
          null,
          0,
          null,
          null,
          null,
          null,
          0,
          null,
          null,
          0,
          null,
          null,
          null,
          null,
          null,
          null,
          null,
          null,
          null,
          null
        ]
      },
      "/home/julian07031996/SOA_Project/api-ufeeling/app/application/requests/video_list.rb": {
        "lines": [
          null,
          null,
          1,
          1,
          1,
          null,
          1,
          1,
          null,
          1,
          1,
          null,
          1,
          1,
          null,
          null,
          null,
          1,
          1,
          1,
          1,
          null,
          0,
          null,
          null,
          null,
          null,
          null,
          null,
          null,
          null,
          1,
          2,
          null,
          null,
          null,
          null,
          1,
          0,
          null,
          null,
          null,
          1,
          0,
          null,
          null,
          null,
          null
        ]
      },
      "/home/julian07031996/SOA_Project/api-ufeeling/app/application/services/add_video.rb": {
        "lines": [
          null,
          null,
          1,
          null,
          1,
          1,
          null,
          1,
          1,
          null,
          1,
          1,
          1,
          1,
          null,
          1,
          null,
          1,
          1,
          1,
          null,
          null,
          1,
          6,
          0,
          null,
          6,
          null,
          5,
          null,
          1,
          null,
          null,
          1,
          null,
          5,
          5,
          null,
          0,
          null,
          5,
          null,
          0,
          0,
          null,
          null,
          null,
          null,
          1,
          5,
          null,
          null,
          null,
          5,
          null,
          0,
          0,
          null,
          null,
          null,
          null,
          1,
          5,
          195,
          null,
          null,
          null,
          5,
          null,
          0,
          0,
          null,
          null,
          null,
          null,
          1,
          6,
          null,
          null,
          1,
          null,
          null,
          1,
          6,
          null,
          null,
          null,
          1,
          0,
          null,
          null,
          null,
          null,
          null
        ]
      },
      "/home/julian07031996/SOA_Project/api-ufeeling/app/application/services/get_categories.rb": {
        "lines": [
          null,
          null,
          1,
          null,
          1,
          1,
          null,
          1,
          1,
          null,
          1,
          null,
          1,
          null,
          1,
          null,
          null,
          null,
          1,
          1,
          null,
          1,
          1,
          1,
          null,
          null,
          0,
          0,
          null,
          null,
          null,
          null
        ]
      },
      "/home/julian07031996/SOA_Project/api-ufeeling/app/application/services/get_comments.rb": {
        "lines": [
          null,
          null,
          1,
          null,
          1,
          1,
          null,
          1,
          1,
          null,
          1,
          null,
          1,
          null,
          1,
          null,
          null,
          null,
          1,
          1,
          null,
          1,
          1,
          1,
          null,
          null,
          0,
          0,
          null,
          null,
          null,
          null
        ]
      },
      "/home/julian07031996/SOA_Project/api-ufeeling/app/application/services/get_sentiment_summary.rb": {
        "lines": [
          null,
          null
        ]
      },
      "/home/julian07031996/SOA_Project/api-ufeeling/app/application/services/get_sentiment_trend.rb": {
        "lines": [
          null,
          null
        ]
      },
      "/home/julian07031996/SOA_Project/api-ufeeling/app/application/services/get_video.rb": {
        "lines": [
          null,
          null,
          1,
          null,
          1,
          1,
          null,
          1,
          1,
          null,
          1,
          null,
          1,
          null,
          1,
          null,
          null,
          null,
          1,
          1,
          null,
          null,
          1,
          1,
          null,
          0,
          null,
          null,
          0,
          0,
          null,
          null,
          null,
          null
        ]
      },
      "/home/julian07031996/SOA_Project/api-ufeeling/app/application/services/list_videos.rb": {
        "lines": [
          null,
          null,
          1,
          1,
          null,
          1,
          1,
          null,
          1,
          1,
          null,
          1,
          1,
          null,
          1,
          null,
          1,
          null,
          null,
          1,
          1,
          1,
          1,
          1,
          null,
          0,
          null,
          null,
          null,
          1,
          1,
          1,
          1,
          1,
          null,
          0,
          null,
          null,
          null,
          null,
          null,
          null
        ]
      },
      "/home/julian07031996/SOA_Project/api-ufeeling/app/application/services/update_video.rb": {
        "lines": [
          null,
          null,
          1,
          null,
          1,
          1,
          null,
          1,
          1,
          null,
          1,
          1,
          1,
          1,
          null,
          1,
          null,
          1,
          1,
          1,
          null,
          null,
          1,
          0,
          0,
          0,
          0,
          null,
          0,
          null,
          null,
          null,
          0,
          null,
          null,
          1,
          null,
          0,
          null,
          0,
          null,
          0,
          0,
          null,
          null,
          null,
          1,
          0,
          null,
          null,
          null,
          0,
          null,
          0,
          0,
          null,
          null,
          null,
          1,
          0,
          0,
          null,
          null,
          null,
          0,
          null,
          0,
          0,
          null,
          null,
          null,
          null,
          1,
          0,
          null,
          null,
          0,
          null,
          null,
          1,
          0,
          null,
          null,
          null,
          null,
          null
        ]
      },
      "/home/julian07031996/SOA_Project/api-ufeeling/spec/helpers/vcr_helper.rb": {
        "lines": [
          null,
          null,
          1,
          1,
          null,
          null,
          1,
          1,
          1,
          null,
          1,
          3,
          3,
          3,
          null,
          null,
          null,
          1,
          23,
          15038,
          15038,
          null,
          null,
          23,
          null,
          null,
          null,
          null,
          null,
          null,
          1,
          23,
          null,
          null
        ]
      },
      "/home/julian07031996/SOA_Project/api-ufeeling/spec/helpers/database_helper.rb": {
        "lines": [
          null,
          null,
          null,
          1,
          1,
          null,
          11,
          11,
          11,
          11,
          11,
          11,
          11,
          11,
          null,
          null
        ]
      },
      "/home/julian07031996/SOA_Project/api-ufeeling/spec/tests/integration/layers/gateway_database_spec.rb": {
        "lines": [
          null,
          null,
          1,
          1,
          1,
          null,
          1,
          1,
          null,
          1,
          4,
          null,
          null,
          1,
          4,
          null,
          null,
          1,
          1,
          4,
          null,
          null,
          1,
          1,
          null,
          null,
          null,
          1,
          31,
          null,
          null,
          1,
          null,
          null,
          null,
          1,
          null,
          null,
          1,
          1,
          1,
          null,
          1,
          null,
          null,
          1,
          null,
          null,
          1,
          1,
          2,
          2,
          null,
          null,
          1,
          null,
          null,
          1,
          null,
          null,
          1,
          1,
          2,
          2,
          null,
          null,
          1,
          null,
          null,
          1,
          null,
          null,
          null
        ]
      },
      "/home/julian07031996/SOA_Project/api-ufeeling/spec/tests/integration/services/add_video_spec.rb": {
        "lines": [
          null,
          null
        ]
      },
      "/home/julian07031996/SOA_Project/api-ufeeling/spec/tests/integration/services/get_comments_spec.rb": {
        "lines": [
          null,
          null
        ]
      },
      "/home/julian07031996/SOA_Project/api-ufeeling/spec/tests/integration/services/get_video_spec.rb": {
        "lines": [
          null,
          null
        ]
      },
      "/home/julian07031996/SOA_Project/api-ufeeling/spec/tests/unit/gateway_youtube_spec.rb": {
        "lines": [
          null,
          null,
          1,
          1,
          null,
          1,
          1,
          1,
          12,
          null,
          null,
          1,
          12,
          null,
          null,
          1,
          1,
          1,
          1,
          null,
          null,
          1,
          1,
          1,
          null,
          null,
          null,
          null,
          null,
          1,
          1,
          1,
          1,
          null,
          null,
          1,
          1,
          1,
          null,
          null,
          null,
          null,
          1,
          1,
          1,
          1,
          null,
          null,
          1,
          1,
          1,
          null,
          null,
          null,
          null,
          1,
          1,
          1,
          1,
          null,
          null,
          1,
          1,
          1,
          null,
          null,
          null,
          null,
          1,
          1,
          1,
          1,
          null,
          null,
          1,
          1,
          1,
          null,
          null,
          null,
          null,
          1,
          1,
          1,
          1,
          null,
          null,
          1,
          1,
          1,
          null,
          null,
          null,
          null
        ]
      },
      "/home/julian07031996/SOA_Project/api-ufeeling/spec/tests/unit/result_spec.rb": {
        "lines": [
          null,
          null,
          1,
          null,
          1,
          1,
          1,
          null,
          1,
          1,
          null,
          null,
          1,
          1,
          null,
          1,
          1,
          null,
          null,
          1,
          1,
          1,
          null,
          null,
          null
        ]
      }
    },
    "timestamp": 1670570721
  }
}
