{
  "RSpec": {
    "coverage": {
      "/Users/code/NTHU/2022_Fall/SOA/project/ufeeling/api-ufeeling/require_app.rb": {
        "lines": [
          null,
          null,
          null,
          null,
          null,
          null,
          null,
          null,
          1,
          5,
          1,
          null,
          1,
          59,
          null,
          null
        ]
      },
      "/Users/code/NTHU/2022_Fall/SOA/project/ufeeling/api-ufeeling/config/environment.rb": {
        "lines": [
          null,
          null,
          1,
          1,
          1,
          1,
          1,
          null,
          1,
          null,
          1,
          1,
          null,
          null,
          1,
          null,
          1,
          null,
          null,
          null,
          1,
          1,
          null,
          1,
          null,
          1,
          1,
          null,
          null,
          null,
          1,
          null,
          1,
          null,
          null,
          null,
          null
        ]
      },
      "/Users/code/NTHU/2022_Fall/SOA/project/ufeeling/api-ufeeling/app/infrastructure/database/author_orm.rb": {
        "lines": [
          null,
          null,
          1,
          null,
          1,
          1,
          null,
          1,
          1,
          null,
          null,
          null,
          1,
          null,
          null,
          null,
          1,
          null,
          1,
          0,
          null,
          null,
          null,
          null
        ]
      },
      "/Users/code/NTHU/2022_Fall/SOA/project/ufeeling/api-ufeeling/app/infrastructure/database/category_orm.rb": {
        "lines": [
          null,
          null,
          1,
          null,
          1,
          1,
          null,
          1,
          1,
          null,
          null,
          null,
          1,
          null,
          1,
          32,
          null,
          null,
          null,
          null
        ]
      },
      "/Users/code/NTHU/2022_Fall/SOA/project/ufeeling/api-ufeeling/app/infrastructure/database/comments_orm.rb": {
        "lines": [
          null,
          null,
          1,
          null,
          1,
          1,
          null,
          1,
          1,
          null,
          null,
          1,
          null,
          null,
          1,
          null,
          null,
          1,
          null,
          null,
          null
        ]
      },
      "/Users/code/NTHU/2022_Fall/SOA/project/ufeeling/api-ufeeling/app/infrastructure/database/sentiment_orm.rb": {
        "lines": [
          null,
          null,
          1,
          null,
          1,
          1,
          null,
          1,
          1,
          null,
          null,
          null,
          1,
          null,
          null,
          null,
          1,
          null,
          1,
          0,
          null,
          null,
          null,
          null
        ]
      },
      "/Users/code/NTHU/2022_Fall/SOA/project/ufeeling/api-ufeeling/app/infrastructure/database/video_log_orm.rb": {
        "lines": [
          null,
          null,
          1,
          null,
          1,
          1,
          null,
          1,
          1,
          null,
          null,
          1,
          null,
          null,
          1,
          null,
          null,
          null
        ]
      },
      "/Users/code/NTHU/2022_Fall/SOA/project/ufeeling/api-ufeeling/app/infrastructure/database/video_orm.rb": {
        "lines": [
          null,
          null,
          1,
          null,
          1,
          1,
          null,
          1,
          1,
          null,
          null,
          1,
          null,
          null,
          1,
          null,
          null,
          null,
          1,
          null,
          null,
          null,
          1,
          1,
          null,
          1,
          1,
          null,
          null,
          null,
          null
        ]
      },
      "/Users/code/NTHU/2022_Fall/SOA/project/ufeeling/api-ufeeling/app/infrastructure/youtube_api/http_utils/errors.rb": {
        "lines": [
          null,
          null,
          1,
          null,
          1,
          null,
          1,
          null,
          1,
          null
        ]
      },
      "/Users/code/NTHU/2022_Fall/SOA/project/ufeeling/api-ufeeling/app/infrastructure/youtube_api/http_utils/response.rb": {
        "lines": [
          null,
          null,
          1,
          null,
          null,
          1,
          null,
          1,
          null,
          null,
          null,
          null,
          1,
          17,
          null,
          null,
          1,
          6,
          null,
          null
        ]
      },
      "/Users/code/NTHU/2022_Fall/SOA/project/ufeeling/api-ufeeling/app/infrastructure/youtube_api/http_utils/youtube_request.rb": {
        "lines": [
          null,
          null,
          1,
          null,
          null,
          1,
          1,
          null,
          1,
          17,
          17,
          17,
          null,
          null,
          1,
          17,
          null,
          17,
          17,
          null,
          null,
          11,
          null,
          null,
          1,
          null,
          1,
          50,
          17,
          null,
          null
        ]
      },
      "/Users/code/NTHU/2022_Fall/SOA/project/ufeeling/api-ufeeling/app/infrastructure/youtube_api/youtube_api.rb": {
        "lines": [
          null,
          null,
          1,
          1,
          null,
          1,
          1,
          null,
          1,
          null,
          1,
          null,
          null,
          null,
          null,
          null,
          null,
          1,
          17,
          null,
          null,
          1,
          17,
          11,
          null,
          null,
          null,
          null,
          1,
          2,
          null,
          null,
          1,
          3,
          null,
          null,
          1,
          3,
          null,
          null,
          null,
          1,
          2,
          null,
          null,
          1,
          3,
          null,
          null,
          1,
          4,
          null,
          null,
          null,
          null
        ]
      },
      "/Users/code/NTHU/2022_Fall/SOA/project/ufeeling/api-ufeeling/app/infrastructure/youtube_api/youtube_api_filters.rb": {
        "lines": [
          null,
          null,
          1,
          null,
          1,
          1,
          null,
          1,
          1,
          null,
          2,
          null,
          null,
          null,
          null,
          1,
          3,
          null,
          null,
          1,
          3,
          null,
          null,
          1,
          null,
          2,
          null,
          null,
          null,
          null,
          null,
          1,
          null,
          3,
          null,
          null,
          null,
          null,
          null,
          1,
          null,
          4,
          null,
          null,
          null,
          null,
          null,
          null
        ]
      },
      "/Users/code/NTHU/2022_Fall/SOA/project/ufeeling/api-ufeeling/app/infrastructure/youtube_api/youtube_constants.rb": {
        "lines": [
          null,
          null,
          1,
          1,
          1,
          null,
          1,
          null
        ]
      },
      "/Users/code/NTHU/2022_Fall/SOA/project/ufeeling/api-ufeeling/app/domain/init.rb": {
        "lines": [
          null,
          null,
          1,
          1,
          1,
          null
        ]
      },
      "/Users/code/NTHU/2022_Fall/SOA/project/ufeeling/api-ufeeling/app/domain/videos/init.rb": {
        "lines": [
          null,
          null,
          1,
          1,
          4,
          19,
          null,
          null
        ]
      },
      "/Users/code/NTHU/2022_Fall/SOA/project/ufeeling/api-ufeeling/app/domain/videos/entities/author.rb": {
        "lines": [
          null,
          null,
          1,
          1,
          null,
          1,
          1,
          1,
          null,
          1,
          1,
          null,
          1,
          1,
          1,
          1,
          1,
          null,
          1,
          0,
          null,
          null,
          null,
          null,
          null
        ]
      },
      "/Users/code/NTHU/2022_Fall/SOA/project/ufeeling/api-ufeeling/app/domain/videos/entities/category.rb": {
        "lines": [
          null,
          null,
          1,
          1,
          null,
          1,
          1,
          1,
          null,
          1,
          1,
          null,
          1,
          1,
          1,
          null,
          1,
          32,
          null,
          null,
          null,
          null,
          null
        ]
      },
      "/Users/code/NTHU/2022_Fall/SOA/project/ufeeling/api-ufeeling/app/domain/videos/entities/comment.rb": {
        "lines": [
          null,
          null,
          1,
          1,
          null,
          1,
          1,
          null,
          1,
          1,
          1,
          null,
          1,
          1,
          null,
          1,
          1,
          1,
          1,
          1,
          1,
          1,
          1,
          1,
          1,
          1,
          1,
          null,
          null,
          1,
          null,
          1,
          29,
          null,
          null,
          null,
          null,
          null,
          null,
          null
        ]
      },
      "/Users/code/NTHU/2022_Fall/SOA/project/ufeeling/api-ufeeling/app/domain/videos/values/publish_info.rb": {
        "lines": [
          null,
          null,
          1,
          1,
          null,
          1,
          1,
          1,
          null,
          1,
          1,
          null,
          1,
          1,
          1,
          1,
          null,
          1,
          29,
          null,
          null,
          null,
          null,
          null
        ]
      },
      "/Users/code/NTHU/2022_Fall/SOA/project/ufeeling/api-ufeeling/app/domain/videos/values/sentimental_score.rb": {
        "lines": [
          null,
          null,
          1,
          1,
          null,
          1,
          1,
          1,
          null,
          1,
          1,
          null,
          1,
          1,
          1,
          null,
          1,
          29,
          null,
          null,
          null,
          null,
          null
        ]
      },
      "/Users/code/NTHU/2022_Fall/SOA/project/ufeeling/api-ufeeling/app/domain/videos/entities/sentiment.rb": {
        "lines": [
          null,
          null,
          1,
          1,
          null,
          1,
          1,
          1,
          null,
          1,
          1,
          null,
          1,
          1,
          null,
          1,
          0,
          null,
          null,
          null,
          null,
          null
        ]
      },
      "/Users/code/NTHU/2022_Fall/SOA/project/ufeeling/api-ufeeling/app/domain/videos/entities/video.rb": {
        "lines": [
          null,
          null,
          1,
          1,
          null,
          1,
          1,
          1,
          null,
          1,
          1,
          null,
          1,
          1,
          1,
          1,
          1,
          1,
          1,
          1,
          1,
          1,
          1,
          1,
          null,
          1,
          1,
          null,
          null,
          null,
          null,
          null
        ]
      },
      "/Users/code/NTHU/2022_Fall/SOA/project/ufeeling/api-ufeeling/app/domain/videos/entities/video_log.rb": {
        "lines": [
          null,
          null,
          1,
          1,
          null,
          1,
          1,
          1,
          null,
          1,
          1,
          null,
          1,
          1,
          1,
          1,
          1,
          1,
          1,
          1,
          1,
          1,
          null,
          1,
          0,
          null,
          null,
          null,
          null,
          null
        ]
      },
      "/Users/code/NTHU/2022_Fall/SOA/project/ufeeling/api-ufeeling/app/domain/videos/repositories/authors.rb": {
        "lines": [
          null,
          null,
          1,
          1,
          null,
          1,
          null,
          1,
          1,
          30,
          null,
          null,
          1,
          0,
          null,
          null,
          1,
          30,
          null,
          null,
          1,
          30,
          null,
          30,
          null,
          null,
          null,
          null,
          null,
          null,
          null,
          null,
          1,
          0,
          0,
          null,
          null,
          null,
          1,
          0,
          null,
          null,
          null,
          null,
          null
        ]
      },
      "/Users/code/NTHU/2022_Fall/SOA/project/ufeeling/api-ufeeling/app/domain/videos/repositories/categories.rb": {
        "lines": [
          null,
          null,
          1,
          1,
          null,
          1,
          null,
          1,
          1,
          1,
          null,
          null,
          1,
          0,
          null,
          null,
          1,
          0,
          null,
          null,
          1,
          1,
          null,
          null,
          1,
          1,
          1,
          null,
          null,
          1,
          32,
          null,
          31,
          null,
          null,
          null,
          null,
          null,
          null,
          1,
          1,
          31,
          null,
          null,
          null,
          1,
          31,
          null,
          null,
          null,
          null,
          null
        ]
      },
      "/Users/code/NTHU/2022_Fall/SOA/project/ufeeling/api-ufeeling/app/domain/videos/repositories/comments.rb": {
        "lines": [
          null,
          null,
          1,
          1,
          null,
          1,
          null,
          1,
          1,
          0,
          null,
          null,
          1,
          0,
          null,
          null,
          1,
          0,
          null,
          null,
          1,
          0,
          0,
          0,
          null,
          null,
          1,
          0,
          null,
          0,
          null,
          null,
          null,
          null,
          null,
          null,
          null,
          null,
          null,
          null,
          null,
          null,
          null,
          null,
          null,
          1,
          0,
          null,
          null,
          null,
          null,
          null,
          null,
          null,
          1,
          0,
          null,
          null,
          null,
          null,
          null,
          null,
          1,
          0,
          0,
          null,
          null,
          null,
          1,
          29,
          29,
          null,
          null,
          1,
          29,
          29,
          29,
          null,
          29,
          null,
          null,
          null,
          null,
          null,
          null,
          null,
          null,
          1,
          29,
          null,
          null,
          29,
          0,
          null,
          null,
          0,
          null,
          29,
          null,
          null,
          1,
          29,
          null,
          null,
          29,
          0,
          null,
          null,
          0,
          null,
          29,
          null,
          null,
          1,
          29,
          null,
          null,
          29,
          0,
          0,
          null,
          29,
          null,
          null,
          null,
          null,
          null
        ]
      },
      "/Users/code/NTHU/2022_Fall/SOA/project/ufeeling/api-ufeeling/app/domain/videos/repositories/for.rb": {
        "lines": [
          null,
          null,
          1,
          1,
          1,
          1,
          1,
          null,
          null,
          1,
          1,
          1,
          null,
          1,
          null,
          1,
          null,
          null,
          null,
          null,
          null,
          null,
          1,
          154,
          null,
          null,
          1,
          0,
          null,
          null,
          null,
          null,
          null
        ]
      },
      "/Users/code/NTHU/2022_Fall/SOA/project/ufeeling/api-ufeeling/app/domain/videos/repositories/videos.rb": {
        "lines": [
          null,
          null,
          1,
          1,
          null,
          1,
          null,
          1,
          1,
          31,
          null,
          null,
          1,
          0,
          null,
          null,
          1,
          0,
          0,
          0,
          null,
          null,
          1,
          0,
          null,
          null,
          1,
          32,
          null,
          null,
          1,
          32,
          null,
          31,
          null,
          null,
          null,
          null,
          null,
          null,
          null,
          null,
          null,
          null,
          null,
          null,
          null,
          null,
          null,
          1,
          0,
          0,
          null,
          null,
          null,
          1,
          1,
          1,
          null,
          1,
          null,
          null,
          1,
          null,
          null,
          1,
          1,
          null,
          null,
          1,
          1,
          null,
          1,
          null,
          1,
          null,
          null,
          1,
          1,
          null,
          null,
          1,
          0,
          null,
          0,
          null,
          1,
          null,
          null,
          null,
          null,
          null
        ]
      },
      "/Users/code/NTHU/2022_Fall/SOA/project/ufeeling/api-ufeeling/app/domain/videos/repositories/sentiments.rb": {
        "lines": [
          null,
          null,
          1,
          1,
          null,
          1,
          null,
          1,
          1,
          0,
          null,
          null,
          1,
          29,
          null,
          null,
          1,
          0,
          0,
          null,
          null,
          1,
          29,
          null,
          29,
          null,
          null,
          null,
          null,
          null,
          1,
          0,
          0,
          null,
          null,
          null,
          1,
          0,
          null,
          null,
          null,
          null,
          null
        ]
      },
      "/Users/code/NTHU/2022_Fall/SOA/project/ufeeling/api-ufeeling/app/domain/videos/mappers/author_mapper.rb": {
        "lines": [
          null,
          null,
          1,
          1,
          1,
          null,
          1,
          1,
          2,
          2,
          2,
          null,
          null,
          1,
          2,
          1,
          null,
          null,
          1,
          1,
          null,
          null,
          null,
          1,
          1,
          1,
          null,
          null,
          1,
          1,
          null,
          null,
          null,
          null,
          null,
          null,
          null,
          null,
          1,
          null,
          1,
          1,
          null,
          null,
          1,
          1,
          null,
          null,
          1,
          1,
          null,
          null,
          1,
          1,
          null,
          null,
          1,
          1,
          null,
          null,
          1,
          1,
          null,
          null,
          1,
          3,
          null,
          null,
          null,
          null,
          null,
          null
        ]
      },
      "/Users/code/NTHU/2022_Fall/SOA/project/ufeeling/api-ufeeling/app/domain/videos/mappers/category_mapper.rb": {
        "lines": [
          null,
          null,
          1,
          1,
          1,
          null,
          1,
          1,
          6,
          6,
          6,
          null,
          null,
          1,
          3,
          2,
          null,
          null,
          1,
          3,
          64,
          null,
          null,
          1,
          64,
          null,
          null,
          null,
          1,
          1,
          64,
          null,
          null,
          1,
          64,
          null,
          null,
          null,
          null,
          null,
          null,
          1,
          null,
          1,
          64,
          null,
          null,
          1,
          64,
          null,
          null,
          null,
          null,
          null,
          null
        ]
      },
      "/Users/code/NTHU/2022_Fall/SOA/project/ufeeling/api-ufeeling/app/domain/videos/mappers/comment_mapper.rb": {
        "lines": [
          null,
          null,
          1,
          null,
          1,
          1,
          1,
          null,
          1,
          1,
          3,
          3,
          3,
          null,
          null,
          1,
          3,
          131,
          null,
          null,
          1,
          142,
          null,
          null,
          null,
          1,
          1,
          142,
          null,
          null,
          1,
          142,
          null,
          null,
          null,
          null,
          null,
          null,
          null,
          null,
          null,
          null,
          null,
          null,
          null,
          null,
          null,
          null,
          1,
          null,
          1,
          142,
          null,
          null,
          1,
          142,
          null,
          null,
          1,
          284,
          null,
          null,
          1,
          142,
          null,
          null,
          1,
          142,
          null,
          null,
          1,
          142,
          null,
          null,
          null,
          null,
          null,
          null,
          null,
          1,
          568,
          null,
          null,
          1,
          142,
          null,
          null,
          1,
          142,
          null,
          null,
          1,
          142,
          null,
          null,
          1,
          142,
          142,
          568,
          142,
          null,
          null,
          null,
          null,
          null,
          null,
          1,
          142,
          null,
          null,
          1,
          155,
          null,
          null,
          1,
          142,
          null,
          null,
          1,
          142,
          null,
          null,
          1,
          1550,
          null,
          null,
          1,
          1420,
          null,
          null,
          1,
          1420,
          null,
          null,
          1,
          142,
          null,
          null,
          null,
          null,
          null,
          null
        ]
      },
      "/Users/code/NTHU/2022_Fall/SOA/project/ufeeling/api-ufeeling/app/domain/videos/mappers/video_mapper.rb": {
        "lines": [
          null,
          null,
          1,
          1,
          1,
          null,
          1,
          1,
          6,
          6,
          6,
          null,
          null,
          null,
          1,
          2,
          6,
          null,
          null,
          1,
          4,
          3,
          null,
          null,
          1,
          8,
          null,
          null,
          null,
          1,
          1,
          8,
          null,
          null,
          1,
          8,
          null,
          null,
          null,
          null,
          null,
          null,
          null,
          null,
          null,
          null,
          null,
          null,
          null,
          null,
          null,
          1,
          null,
          1,
          8,
          null,
          null,
          1,
          7,
          null,
          null,
          1,
          7,
          null,
          null,
          1,
          7,
          null,
          null,
          1,
          7,
          null,
          null,
          1,
          7,
          null,
          null,
          1,
          2,
          null,
          null,
          1,
          12,
          null,
          null,
          1,
          7,
          null,
          null,
          1,
          7,
          null,
          null,
          1,
          0,
          null,
          null,
          1,
          0,
          null,
          null,
          1,
          0,
          null,
          null,
          1,
          0,
          null,
          null,
          1,
          49,
          null,
          null,
          1,
          7,
          null,
          null,
          1,
          0,
          null,
          null,
          null,
          null,
          null,
          null
        ]
      },
      "/Users/code/NTHU/2022_Fall/SOA/project/ufeeling/api-ufeeling/app/domain/videos/mappers/video_thumbnail_mapper.rb": {
        "lines": [
          null,
          null,
          1,
          1,
          1,
          null,
          1,
          1,
          0,
          null,
          null,
          null,
          1,
          1,
          null,
          1,
          0,
          0,
          null,
          null,
          1,
          0,
          null,
          null,
          null,
          null,
          null,
          null,
          null,
          null,
          1,
          null,
          1,
          0,
          null,
          null,
          1,
          0,
          null,
          null,
          1,
          0,
          null,
          null,
          null,
          null,
          null,
          null
        ]
      },
      "/Users/code/NTHU/2022_Fall/SOA/project/ufeeling/api-ufeeling/app/domain/videos/lib/sentiment_calculator.rb": {
        "lines": [
          null,
          null,
          1,
          null,
          1,
          1,
          1,
          null,
          1,
          1,
          0,
          null,
          null,
          null,
          null,
          null
        ]
      },
      "/Users/code/NTHU/2022_Fall/SOA/project/ufeeling/api-ufeeling/app/presentation/representers/author_representer.rb": {
        "lines": [
          null
        ]
      },
      "/Users/code/NTHU/2022_Fall/SOA/project/ufeeling/api-ufeeling/app/presentation/representers/categories_representer.rb": {
        "lines": [
          null
        ]
      },
      "/Users/code/NTHU/2022_Fall/SOA/project/ufeeling/api-ufeeling/app/presentation/representers/category_representer.rb": {
        "lines": [
          null
        ]
      },
      "/Users/code/NTHU/2022_Fall/SOA/project/ufeeling/api-ufeeling/app/presentation/representers/comment_representer.rb": {
        "lines": [
          null
        ]
      },
      "/Users/code/NTHU/2022_Fall/SOA/project/ufeeling/api-ufeeling/app/presentation/representers/comments_representer.rb": {
        "lines": [
          null
        ]
      },
      "/Users/code/NTHU/2022_Fall/SOA/project/ufeeling/api-ufeeling/app/presentation/representers/http_response_representer.rb": {
        "lines": [
          null,
          null,
          1,
          1,
          null,
          1,
          1,
          null,
          null,
          null,
          null,
          null,
          1,
          1,
          null,
          1,
          1,
          null,
          1,
          null,
          null,
          null,
          null,
          null,
          null,
          null,
          null,
          null,
          null,
          null,
          null,
          null,
          null,
          1,
          3,
          null,
          null,
          null,
          null
        ]
      },
      "/Users/code/NTHU/2022_Fall/SOA/project/ufeeling/api-ufeeling/app/presentation/representers/openstruct_with_links.rb": {
        "lines": [
          null,
          null,
          1,
          1,
          null,
          1,
          1,
          null,
          null,
          null
        ]
      },
      "/Users/code/NTHU/2022_Fall/SOA/project/ufeeling/api-ufeeling/app/presentation/representers/video_representer.rb": {
        "lines": [
          null,
          null,
          1,
          1,
          null,
          null,
          1,
          1,
          null,
          1,
          1,
          1,
          1,
          null,
          1,
          1,
          1,
          1,
          null,
          1,
          1,
          null,
          null,
          1,
          null,
          1,
          1,
          null,
          null,
          null,
          null
        ]
      },
      "/Users/code/NTHU/2022_Fall/SOA/project/ufeeling/api-ufeeling/app/presentation/representers/video_sentiment_summary_representer.rb": {
        "lines": [
          null
        ]
      },
      "/Users/code/NTHU/2022_Fall/SOA/project/ufeeling/api-ufeeling/app/presentation/representers/video_sentiment_trend_granularity_representer.rb": {
        "lines": [
          null
        ]
      },
      "/Users/code/NTHU/2022_Fall/SOA/project/ufeeling/api-ufeeling/app/presentation/representers/video_sentiment_trend_representer.rb": {
        "lines": [
          null
        ]
      },
      "/Users/code/NTHU/2022_Fall/SOA/project/ufeeling/api-ufeeling/app/presentation/representers/videos_reprenter.rb": {
        "lines": [
          null
        ]
      },
      "/Users/code/NTHU/2022_Fall/SOA/project/ufeeling/api-ufeeling/app/presentation/responses/api_result.rb": {
        "lines": [
          null,
          null,
          1,
          1,
          1,
          null,
          null,
          null,
          1,
          null,
          null,
          null,
          null,
          1,
          null,
          null,
          1,
          1,
          6,
          null,
          5,
          null,
          null,
          null,
          null
        ]
      },
      "/Users/code/NTHU/2022_Fall/SOA/project/ufeeling/api-ufeeling/app/presentation/responses/comments_list.rb": {
        "lines": [
          null
        ]
      },
      "/Users/code/NTHU/2022_Fall/SOA/project/ufeeling/api-ufeeling/app/presentation/responses/videos_list.rb": {
        "lines": [
          null
        ]
      },
      "/Users/code/NTHU/2022_Fall/SOA/project/ufeeling/api-ufeeling/app/application/controllers/app.rb": {
        "lines": [
          null,
          null,
          1,
          null,
          1,
          null,
          1,
          1,
          1,
          1,
          1,
          null,
          1,
          3,
          null,
          null,
          null,
          3,
          1,
          null,
          1,
          null,
          null,
          null,
          1,
          1,
          null,
          null,
          2,
          null,
          2,
          null,
          null,
          0,
          null,
          null,
          null,
          null,
          2,
          2,
          null,
          null,
          null,
          null,
          null,
          0,
          null,
          null,
          null,
          null,
          2,
          2,
          null,
          null,
          null,
          null,
          2,
          2,
          null,
          2,
          1,
          1,
          null,
          null,
          1,
          1,
          1,
          null,
          null,
          null,
          null,
          null,
          null,
          0,
          null,
          null,
          null,
          null,
          null,
          null,
          0,
          null,
          null,
          null,
          null,
          0,
          null,
          null,
          null,
          0,
          null,
          null,
          null,
          null,
          0,
          null,
          0,
          null,
          null,
          0,
          null,
          null,
          null,
          null,
          0,
          null,
          null,
          0,
          null,
          null,
          null,
          null,
          null,
          null,
          null,
          null,
          null
        ]
      },
      "/Users/code/NTHU/2022_Fall/SOA/project/ufeeling/api-ufeeling/app/application/services/add_video.rb": {
        "lines": [
          null,
          null,
          1,
          null,
          1,
          1,
          null,
          1,
          1,
          null,
          1,
          1,
          1,
          1,
          null,
          1,
          null,
          1,
          1,
          1,
          null,
          null,
          1,
          2,
          1,
          null,
          1,
          null,
          1,
          null,
          1,
          null,
          null,
          1,
          null,
          1,
          0,
          null,
          1,
          null,
          1,
          null,
          0,
          0,
          null,
          null,
          null,
          null,
          1,
          1,
          null,
          null,
          null,
          1,
          null,
          0,
          0,
          null,
          null,
          null,
          null,
          1,
          1,
          29,
          null,
          null,
          null,
          1,
          null,
          0,
          0,
          null,
          null,
          null,
          null,
          1,
          1,
          null,
          null,
          1,
          null,
          null,
          1,
          2,
          null,
          null,
          null,
          1,
          0,
          null,
          null,
          null,
          null,
          null
        ]
      },
      "/Users/code/NTHU/2022_Fall/SOA/project/ufeeling/api-ufeeling/app/application/services/get_categories.rb": {
        "lines": [
          null
        ]
      },
      "/Users/code/NTHU/2022_Fall/SOA/project/ufeeling/api-ufeeling/app/application/services/get_comments.rb": {
        "lines": [
          null
        ]
      },
      "/Users/code/NTHU/2022_Fall/SOA/project/ufeeling/api-ufeeling/app/application/services/get_sentiment_summary.rb": {
        "lines": [
          null
        ]
      },
      "/Users/code/NTHU/2022_Fall/SOA/project/ufeeling/api-ufeeling/app/application/services/get_sentiment_trend.rb": {
        "lines": [
          null
        ]
      },
      "/Users/code/NTHU/2022_Fall/SOA/project/ufeeling/api-ufeeling/app/application/services/get_video.rb": {
        "lines": [
          null,
          null,
          1,
          null,
          null,
          1,
          1,
          null,
          1,
          1,
          null,
          1,
          1,
          null,
          1,
          null,
          1,
          0,
          null,
          null,
          0,
          0,
          null,
          0,
          null,
          null,
          0,
          null,
          null,
          1,
          0,
          null,
          null,
          0,
          null,
          0,
          null,
          null,
          null,
          null
        ]
      },
      "/Users/code/NTHU/2022_Fall/SOA/project/ufeeling/api-ufeeling/app/application/services/list_videos.rb": {
        "lines": [
          null,
          null,
          1,
          null,
          1,
          1,
          null,
          1,
          1,
          null,
          1,
          0,
          null,
          null,
          0,
          null,
          0,
          null,
          null,
          null,
          null
        ]
      },
      "/Users/code/NTHU/2022_Fall/SOA/project/ufeeling/api-ufeeling/app/application/services/update_video.rb": {
        "lines": [

        ]
      },
      "/Users/code/NTHU/2022_Fall/SOA/project/ufeeling/api-ufeeling/spec/helpers/vcr_helper.rb": {
        "lines": [
          null,
          null,
          1,
          1,
          null,
          null,
          1,
          1,
          1,
          null,
          1,
          3,
          3,
          3,
          null,
          null,
          null,
          1,
          17,
          8993,
          8993,
          null,
          null,
          17,
          null,
          null,
          null,
          null,
          null,
          null,
          1,
          17,
          null,
          null
        ]
      },
      "/Users/code/NTHU/2022_Fall/SOA/project/ufeeling/api-ufeeling/spec/helpers/database_helper.rb": {
        "lines": [
          null,
          null,
          null,
          1,
          1,
          null,
          5,
          5,
          null,
          5,
          null,
          null
        ]
      },
      "/Users/code/NTHU/2022_Fall/SOA/project/ufeeling/api-ufeeling/spec/tests/integration/layers/gateway_database_spec.rb": {
        "lines": [
          null,
          null,
          1,
          1,
          1,
          null,
          1,
          1,
          null,
          1,
          2,
          null,
          null,
          1,
          2,
          null,
          null,
          1,
          1,
          2,
          null,
          null,
          1,
          1,
          null,
          null,
          null,
          1,
          31,
          null,
          1,
          null,
          null,
          1,
          null,
          null,
          1,
          1,
          1,
          null,
          1,
          null,
          null,
          1,
          null,
          null,
          null
        ]
      },
      "/Users/code/NTHU/2022_Fall/SOA/project/ufeeling/api-ufeeling/spec/tests/integration/services/add_video_spec.rb": {
        "lines": [
          null
        ]
      },
      "/Users/code/NTHU/2022_Fall/SOA/project/ufeeling/api-ufeeling/spec/tests/integration/services/get_comments_spec.rb": {
        "lines": [
          null
        ]
      },
      "/Users/code/NTHU/2022_Fall/SOA/project/ufeeling/api-ufeeling/spec/tests/integration/services/get_video_spec.rb": {
        "lines": [
          null
        ]
      },
      "/Users/code/NTHU/2022_Fall/SOA/project/ufeeling/api-ufeeling/spec/tests/unit/gateway_youtube_spec.rb": {
        "lines": [
          null,
          null,
          1,
          1,
          null,
          1,
          1,
          1,
          12,
          null,
          null,
          1,
          12,
          null,
          null,
          1,
          1,
          1,
          1,
          null,
          null,
          1,
          1,
          1,
          null,
          null,
          null,
          null,
          null,
          1,
          1,
          1,
          1,
          null,
          null,
          1,
          1,
          1,
          null,
          null,
          null,
          null,
          1,
          1,
          1,
          1,
          null,
          null,
          1,
          1,
          1,
          null,
          null,
          null,
          null,
          1,
          1,
          1,
          1,
          null,
          null,
          1,
          1,
          1,
          null,
          null,
          null,
          null,
          1,
          1,
          1,
          1,
          null,
          null,
          1,
          1,
          1,
          null,
          null,
          null,
          null,
          1,
          1,
          1,
          1,
          null,
          null,
          1,
          1,
          1,
          null,
          null,
          null,
          null
        ]
      },
      "/Users/code/NTHU/2022_Fall/SOA/project/ufeeling/api-ufeeling/spec/tests/unit/result_spec.rb": {
        "lines": [
          null,
          null,
          1,
          null,
          1,
          1,
          1,
          null,
          1,
          1,
          null,
          null,
          1,
          1,
          null,
          1,
          1,
          null,
          null,
          1,
          1,
          1,
          null,
          null,
          null
        ]
      }
    },
    "timestamp": 1669865776
  }
}
